# JRE version: OpenJDK Runtime Environment Zulu13.44+13-CA (13.0.9+3) (build 13.0.9+3-MTS)
# Java VM: OpenJDK 64-Bit Server VM Zulu13.44+13-CA (13.0.9+3-MTS, mixed mode, sharing, tiered, compressed oops, g1 gc, windows-amd64)
Heap:
 garbage-first heap   total 99328K, used 32872K [0x0000000082600000, 0x0000000100000000)
  region size 1024K, 4 young (4096K), 4 survivors (4096K)
 Metaspace       used 47141K, capacity 48623K, committed 48640K, reserved 1091584K
  class space    used 6346K, capacity 6909K, committed 6912K, reserved 1048576K
GC Heap History (20 events):
Event: 6.979 GC heap after
{Heap after GC invocations=11 (full 0):
 garbage-first heap   total 75776K, used 25231K [0x0000000082600000, 0x0000000100000000)
  region size 1024K, 4 young (4096K), 4 survivors (4096K)
 Metaspace       used 29036K, capacity 30222K, committed 30464K, reserved 1075200K
  class space    used 3825K, capacity 4282K, committed 4352K, reserved 1048576K
}
Event: 6.986 GC heap before
{Heap before GC invocations=11 (full 0):
 garbage-first heap   total 75776K, used 57999K [0x0000000082600000, 0x0000000100000000)
  region size 1024K, 37 young (37888K), 4 survivors (4096K)
 Metaspace       used 29036K, capacity 30222K, committed 30464K, reserved 1075200K
  class space    used 3825K, capacity 4282K, committed 4352K, reserved 1048576K
}
Event: 6.990 GC heap after
{Heap after GC invocations=12 (full 0):
 garbage-first heap   total 75776K, used 25439K [0x0000000082600000, 0x0000000100000000)
  region size 1024K, 3 young (3072K), 3 survivors (3072K)
 Metaspace       used 29036K, capacity 30222K, committed 30464K, reserved 1075200K
  class space    used 3825K, capacity 4282K, committed 4352K, reserved 1048576K
}
Event: 7.042 GC heap before
{Heap before GC invocations=12 (full 0):
 garbage-first heap   total 75776K, used 58207K [0x0000000082600000, 0x0000000100000000)
  region size 1024K, 36 young (36864K), 3 survivors (3072K)
 Metaspace       used 29479K, capacity 30723K, committed 30976K, reserved 1075200K
  class space    used 3863K, capacity 4321K, committed 4352K, reserved 1048576K
}
Event: 7.045 GC heap after
{Heap after GC invocations=13 (full 0):
 garbage-first heap   total 75776K, used 25542K [0x0000000082600000, 0x0000000100000000)
  region size 1024K, 3 young (3072K), 3 survivors (3072K)
 Metaspace       used 29479K, capacity 30723K, committed 30976K, reserved 1075200K
  class space    used 3863K, capacity 4321K, committed 4352K, reserved 1048576K
}
Event: 7.109 GC heap before
{Heap before GC invocations=13 (full 0):
 garbage-first heap   total 75776K, used 58310K [0x0000000082600000, 0x0000000100000000)
  region size 1024K, 36 young (36864K), 3 survivors (3072K)
 Metaspace       used 29776K, capacity 31067K, committed 31360K, reserved 1077248K
  class space    used 3904K, capacity 4372K, committed 4480K, reserved 1048576K
}
Event: 7.112 GC heap after
{Heap after GC invocations=14 (full 0):
 garbage-first heap   total 75776K, used 25583K [0x0000000082600000, 0x0000000100000000)
  region size 1024K, 3 young (3072K), 3 survivors (3072K)
 Metaspace       used 29776K, capacity 31067K, committed 31360K, reserved 1077248K
  class space    used 3904K, capacity 4372K, committed 4480K, reserved 1048576K
}
Event: 7.413 GC heap before
{Heap before GC invocations=14 (full 0):
 garbage-first heap   total 75776K, used 60399K [0x0000000082600000, 0x0000000100000000)
  region size 1024K, 37 young (37888K), 3 survivors (3072K)
 Metaspace       used 33228K, capacity 34583K, committed 34816K, reserved 1079296K
  class space    used 4312K, capacity 4828K, committed 4864K, reserved 1048576K
}
Event: 7.417 GC heap after
{Heap after GC invocations=15 (full 0):
 garbage-first heap   total 75776K, used 28013K [0x0000000082600000, 0x0000000100000000)
  region size 1024K, 5 young (5120K), 5 survivors (5120K)
 Metaspace       used 33228K, capacity 34583K, committed 34816K, reserved 1079296K
  class space    used 4312K, capacity 4828K, committed 4864K, reserved 1048576K
}
Event: 7.500 GC heap before
{Heap before GC invocations=15 (full 0):
 garbage-first heap   total 75776K, used 37229K [0x0000000082600000, 0x0000000100000000)
  region size 1024K, 15 young (15360K), 5 survivors (5120K)
 Metaspace       used 34412K, capacity 35747K, committed 35840K, reserved 1081344K
  class space    used 4419K, capacity 4937K, committed 4992K, reserved 1048576K
}
Event: 7.506 GC heap after
{Heap after GC invocations=16 (full 0):
 garbage-first heap   total 75776K, used 29101K [0x0000000082600000, 0x0000000100000000)
  region size 1024K, 4 young (4096K), 4 survivors (4096K)
 Metaspace       used 34412K, capacity 35747K, committed 35840K, reserved 1081344K
  class space    used 4419K, capacity 4937K, committed 4992K, reserved 1048576K
}
Event: 7.715 GC heap before
{Heap before GC invocations=17 (full 0):
 garbage-first heap   total 75776K, used 51629K [0x0000000082600000, 0x0000000100000000)
  region size 1024K, 26 young (26624K), 4 survivors (4096K)
 Metaspace       used 37037K, capacity 38435K, committed 38784K, reserved 1083392K
  class space    used 4850K, capacity 5382K, committed 5504K, reserved 1048576K
}
Event: 7.718 GC heap after
{Heap after GC invocations=18 (full 0):
 garbage-first heap   total 91136K, used 29620K [0x0000000082600000, 0x0000000100000000)
  region size 1024K, 2 young (2048K), 2 survivors (2048K)
 Metaspace       used 37037K, capacity 38435K, committed 38784K, reserved 1083392K
  class space    used 4850K, capacity 5382K, committed 5504K, reserved 1048576K
}
Event: 8.005 GC heap before
{Heap before GC invocations=18 (full 0):
 garbage-first heap   total 91136K, used 60340K [0x0000000082600000, 0x0000000100000000)
  region size 1024K, 32 young (32768K), 2 survivors (2048K)
 Metaspace       used 40690K, capacity 42092K, committed 42368K, reserved 1085440K
  class space    used 5419K, capacity 5957K, committed 6016K, reserved 1048576K
}
Event: 8.009 GC heap after
{Heap after GC invocations=19 (full 0):
 garbage-first heap   total 91136K, used 30717K [0x0000000082600000, 0x0000000100000000)
  region size 1024K, 3 young (3072K), 3 survivors (3072K)
 Metaspace       used 40690K, capacity 42092K, committed 42368K, reserved 1085440K
  class space    used 5419K, capacity 5957K, committed 6016K, reserved 1048576K
}
Event: 8.292 GC heap before
{Heap before GC invocations=19 (full 0):
 garbage-first heap   total 91136K, used 62461K [0x0000000082600000, 0x0000000100000000)
  region size 1024K, 34 young (34816K), 3 survivors (3072K)
 Metaspace       used 44560K, capacity 46009K, committed 46080K, reserved 1089536K
  class space    used 6045K, capacity 6594K, committed 6656K, reserved 1048576K
}
Event: 8.298 GC heap after
{Heap after GC invocations=20 (full 0):
 garbage-first heap   total 91136K, used 31511K [0x0000000082600000, 0x0000000100000000)
  region size 1024K, 4 young (4096K), 4 survivors (4096K)
 Metaspace       used 44560K, capacity 46009K, committed 46080K, reserved 1089536K
  class space    used 6045K, capacity 6594K, committed 6656K, reserved 1048576K
}
Event: 8.513 GC heap before
{Heap before GC invocations=20 (full 0):
 garbage-first heap   total 91136K, used 64279K [0x0000000082600000, 0x0000000100000000)
  region size 1024K, 36 young (36864K), 4 survivors (4096K)
 Metaspace       used 44837K, capacity 46391K, committed 46592K, reserved 1089536K
  class space    used 6070K, capacity 6633K, committed 6656K, reserved 1048576K
}
Event: 8.517 GC heap after
{Heap after GC invocations=21 (full 0):
 garbage-first heap   total 91136K, used 31956K [0x0000000082600000, 0x0000000100000000)
  region size 1024K, 4 young (4096K), 4 survivors (4096K)
 Metaspace       used 44837K, capacity 46391K, committed 46592K, reserved 1089536K
  class space    used 6070K, capacity 6633K, committed 6656K, reserved 1048576K
}
Event: 8.920 GC heap before
{Heap before GC invocations=21 (full 0):
 garbage-first heap   total 91136K, used 65748K [0x0000000082600000, 0x0000000100000000)
  region size 1024K, 37 young (37888K), 4 survivors (4096K)
 Metaspace       used 47141K, capacity 48623K, committed 48640K, reserved 1091584K
  class space    used 6346K, capacity 6909K, committed 6912K, reserved 1048576K
}

